Round:  0 


 Computing The Best Response 0: 

Approximate solution by HJB 

Iteration 0: Loss = 3.8470e+00
Iteration 1000: Loss = 2.7923e-02


Generating data_OC...
Generated 2020 data from 32 BVP solutions in 4.5 sec 

Approximate solution of BVP 

Iteration 0: Loss_V = 4.3226e-03, Loss_V_x = 8.9364e-03, Loss_HJB = 3.0251e-02, Loss_total = 4.3510e-02
Iteration 1000: Loss_V = 6.3558e-07, Loss_V_x = 5.7890e-06, Loss_HJB = 1.4615e-04, Loss_total = 1.5258e-04


Generating data_MFG...
Generated 2688 data from 128 IVP solutions in 8.4 sec 

Iteration 0:  Loss_G = 1.0089e-01,  Loss_ODE = 3.3423e-01,  Loss_total = 2.6800e-01
Iteration 1000:  Loss_G = 5.2303e-06,  Loss_ODE = 2.3131e-04,  Loss_total = 1.2089e-04


Time t = 0.0
  Relative L2 Error    = 1.2650e+00
  Relative Linf Error  = 1.0407e+00

Time t = 0.5
  Relative L2 Error    = 1.2694e+00
  Relative Linf Error  = 1.0401e+00

Time t = 1.0
  Relative L2 Error    = 0.0000e+00
  Relative Linf Error  = 0.0000e+00

k  0 │ L1=8.907e+00 │ L2=1.978e+00 │ L∞=5.977e-01

Find alpha1

Generating data_OC...
Generated 4029 data from 32 BVP solutions in 21.0 sec 

Approximate solution of BVP 

Iteration 0: Loss_V = 5.2069e-03, Loss_V_x = 2.4626e-02, Loss_total = 2.9833e-02
Iteration 1000: Loss_V = 9.2942e-05, Loss_V_x = 1.9972e-03, Loss_total = 2.0901e-03


The Exploitibility is : 0.058822695165872574

 Computing The Best Response 1: 

Generating data_OC...
Generated 2789 data from 32 BVP solutions in 15.0 sec 

Approximate solution of BVP 

Iteration 0: Loss_V = 9.8670e-03, Loss_V_x = 1.8368e-02, Loss_HJB = 2.4111e-01, Loss_total = 2.6935e-01
Iteration 1000: Loss_V = 2.5504e-07, Loss_V_x = 5.1685e-06, Loss_HJB = 1.8056e-04, Loss_total = 1.8598e-04


Generating data_MFG...
Generated 2688 data from 128 IVP solutions in 6.3 sec 

Iteration 0:  Loss_G = 6.9302e-03,  Loss_ODE = 2.5143e-02,  Loss_total = 1.9501e-02
Iteration 1000:  Loss_G = 1.8480e-06,  Loss_ODE = 4.8778e-05,  Loss_total = 2.6237e-05


Time t = 0.0
  Relative L2 Error    = 7.3568e-01
  Relative Linf Error  = 5.9356e-01

Time t = 0.5
  Relative L2 Error    = 8.0368e-01
  Relative Linf Error  = 6.4876e-01

Time t = 1.0
  Relative L2 Error    = 0.0000e+00
  Relative Linf Error  = 0.0000e+00

k  1 │ L1=3.696e+00 │ L2=8.069e-01 │ L∞=1.892e-01

Find alpha1

Generating data_OC...
Generated 3600 data from 32 BVP solutions in 17.5 sec 

Approximate solution of BVP 

Iteration 0: Loss_V = 1.4280e-04, Loss_V_x = 2.8104e-03, Loss_total = 2.9532e-03
Iteration 1000: Loss_V = 3.9282e-06, Loss_V_x = 2.2305e-04, Loss_total = 2.2698e-04


The Exploitibility is : 0.026412516832351685

 Computing The Best Response 2: 

Generating data_OC...
Generated 2699 data from 32 BVP solutions in 24.1 sec 

Approximate solution of BVP 

Iteration 0: Loss_V = 8.7314e-04, Loss_V_x = 3.3713e-03, Loss_HJB = 3.2137e-02, Loss_total = 3.6382e-02
Iteration 1000: Loss_V = 1.9067e-07, Loss_V_x = 3.6667e-06, Loss_HJB = 8.6076e-05, Loss_total = 8.9934e-05


Generating data_MFG...
Generated 2688 data from 128 IVP solutions in 6.4 sec 

Iteration 0:  Loss_G = 1.2786e-03,  Loss_ODE = 5.0506e-03,  Loss_total = 3.8038e-03
Iteration 1000:  Loss_G = 2.0477e-06,  Loss_ODE = 3.3000e-05,  Loss_total = 1.8548e-05


Time t = 0.0
  Relative L2 Error    = 5.4020e-01
  Relative Linf Error  = 4.3081e-01

Time t = 0.5
  Relative L2 Error    = 6.0951e-01
  Relative Linf Error  = 4.8711e-01

Time t = 1.0
  Relative L2 Error    = 0.0000e+00
  Relative Linf Error  = 0.0000e+00

k  2 │ L1=2.233e+00 │ L2=4.877e-01 │ L∞=1.120e-01

Find alpha1

Generating data_OC...
Generated 3118 data from 32 BVP solutions in 15.9 sec 

Approximate solution of BVP 

Iteration 0: Loss_V = 2.8184e-05, Loss_V_x = 3.5911e-04, Loss_total = 3.8729e-04
Iteration 1000: Loss_V = 2.4593e-06, Loss_V_x = 6.9745e-05, Loss_total = 7.2204e-05


The Exploitibility is : 0.01751495897769928

 Computing The Best Response 3: 

Generating data_OC...
Generated 2646 data from 32 BVP solutions in 32.9 sec 

Approximate solution of BVP 

Iteration 0: Loss_V = 1.6003e-04, Loss_V_x = 1.1145e-03, Loss_HJB = 1.0913e-02, Loss_total = 1.2187e-02
Iteration 1000: Loss_V = 9.1467e-08, Loss_V_x = 1.5980e-06, Loss_HJB = 2.9465e-05, Loss_total = 3.1154e-05


Generating data_MFG...
Generated 2688 data from 128 IVP solutions in 6.3 sec 

Iteration 0:  Loss_G = 4.1353e-04,  Loss_ODE = 1.6390e-03,  Loss_total = 1.2330e-03
Iteration 1000:  Loss_G = 1.0846e-06,  Loss_ODE = 2.0673e-05,  Loss_total = 1.1421e-05


Time t = 0.0
  Relative L2 Error    = 4.3555e-01
  Relative Linf Error  = 3.4352e-01

Time t = 0.5
  Relative L2 Error    = 5.0124e-01
  Relative Linf Error  = 3.9700e-01

Time t = 1.0
  Relative L2 Error    = 0.0000e+00
  Relative Linf Error  = 0.0000e+00

k  3 │ L1=1.551e+00 │ L2=3.398e-01 │ L∞=8.149e-02

Find alpha1

Generating data_OC...
Generated 2652 data from 32 BVP solutions in 14.3 sec 

Approximate solution of BVP 

Iteration 0: Loss_V = 1.2912e-05, Loss_V_x = 1.4798e-04, Loss_total = 1.6089e-04
Iteration 1000: Loss_V = 6.5890e-07, Loss_V_x = 1.3847e-05, Loss_total = 1.4506e-05


The Exploitibility is : 0.011710092425346375

 Computing The Best Response 4: 

Generating data_OC...
Generated 2363 data from 32 BVP solutions in 35.4 sec 

Approximate solution of BVP 

Iteration 0: Loss_V = 6.2891e-05, Loss_V_x = 4.6831e-04, Loss_HJB = 4.0810e-03, Loss_total = 4.6122e-03
Iteration 1000: Loss_V = 4.7933e-08, Loss_V_x = 6.0758e-07, Loss_HJB = 1.8678e-05, Loss_total = 1.9334e-05


Generating data_MFG...
Generated 2688 data from 128 IVP solutions in 6.4 sec 

Iteration 0:  Loss_G = 1.7591e-04,  Loss_ODE = 6.6680e-04,  Loss_total = 5.0931e-04
Iteration 1000:  Loss_G = 5.5218e-07,  Loss_ODE = 1.0745e-05,  Loss_total = 5.9246e-06


Time t = 0.0
  Relative L2 Error    = 3.6835e-01
  Relative Linf Error  = 2.8838e-01

Time t = 0.5
  Relative L2 Error    = 4.3060e-01
  Relative Linf Error  = 3.3844e-01

Time t = 1.0
  Relative L2 Error    = 0.0000e+00
  Relative Linf Error  = 0.0000e+00

k  4 │ L1=1.162e+00 │ L2=2.554e-01 │ L∞=6.311e-02

Find alpha1

Generating data_OC...
